0 info it worked if it ends with ok
1 verbose cli [ 'C:\\Users\\Casa\\AppData\\Local\\.meteor\\packages\\meteor-tool\\1.3.2_4\\mt-os.windows.x86_32\\dev_bundle\\bin\\\\node.exe',
1 verbose cli   'C:\\Users\\Casa\\AppData\\Local\\.meteor\\packages\\meteor-tool\\1.3.2_4\\mt-os.windows.x86_32\\dev_bundle\\lib\\node_modules\\npm\\bin\\npm-cli.js',
1 verbose cli   'install',
1 verbose cli   'angular-sortable-view',
1 verbose cli   '--savemeteor',
1 verbose cli   'add',
1 verbose cli   'edgee:slingshot' ]
2 info using npm@2.14.22
3 info using node@v0.10.43
4 verbose install initial load of C:\Users\Casa\Desktop\step10\package.json
5 verbose installManyTop reading scoped package data from C:\Users\Casa\Desktop\step10\node_modules\angular\package.json
6 verbose installManyTop reading scoped package data from C:\Users\Casa\Desktop\step10\node_modules\angular-animate\package.json
7 verbose installManyTop reading scoped package data from C:\Users\Casa\Desktop\step10\node_modules\angular-aria\package.json
8 verbose installManyTop reading scoped package data from C:\Users\Casa\Desktop\step10\node_modules\angular-google-maps\package.json
9 verbose installManyTop reading scoped package data from C:\Users\Casa\Desktop\step10\node_modules\angular-material\package.json
10 verbose installManyTop reading scoped package data from C:\Users\Casa\Desktop\step10\node_modules\angular-meteor\package.json
11 verbose installManyTop reading scoped package data from C:\Users\Casa\Desktop\step10\node_modules\angular-mocks\package.json
12 verbose installManyTop reading scoped package data from C:\Users\Casa\Desktop\step10\node_modules\angular-simple-logger\package.json
13 verbose installManyTop reading scoped package data from C:\Users\Casa\Desktop\step10\node_modules\angular-sortable-view\package.json
14 verbose installManyTop reading scoped package data from C:\Users\Casa\Desktop\step10\node_modules\angular-ui-router\package.json
15 verbose installManyTop reading scoped package data from C:\Users\Casa\Desktop\step10\node_modules\angular-utils-pagination\package.json
16 verbose installManyTop reading scoped package data from C:\Users\Casa\Desktop\step10\node_modules\gm\package.json
17 verbose installManyTop reading scoped package data from C:\Users\Casa\Desktop\step10\node_modules\meteor-node-stubs\package.json
18 verbose installManyTop reading scoped package data from C:\Users\Casa\Desktop\step10\node_modules\ng-file-upload\package.json
19 verbose installManyTop reading scoped package data from C:\Users\Casa\Desktop\step10\node_modules\ng-img-crop\package.json
20 verbose installManyTop reading scoped package data from C:\Users\Casa\Desktop\step10\node_modules\underscore\package.json
21 info package.json angular-material@1.0.9 No license field.
22 info package.json angular-meteor@1.3.11 No repository field.
23 info package.json angular-sortable-view@0.0.15 No license field.
24 verbose readDependencies loading dependencies from C:\Users\Casa\Desktop\step10\package.json
25 verbose install angular-sortable-view is installed as 0.0.15
26 silly cache add args [ 'angular-sortable-view@0.0.15', null ]
27 verbose cache add spec angular-sortable-view@0.0.15
28 silly cache add args [ 'add', null ]
29 verbose cache add spec add
30 verbose stack Error: Unsupported URL Type: edgee:slingshot
30 verbose stack     at parseUrl (C:\Users\Casa\AppData\Local\.meteor\packages\meteor-tool\1.3.2_4\mt-os.windows.x86_32\dev_bundle\lib\node_modules\npm\node_modules\npm-package-arg\npa.js:169:13)
30 verbose stack     at npa (C:\Users\Casa\AppData\Local\.meteor\packages\meteor-tool\1.3.2_4\mt-os.windows.x86_32\dev_bundle\lib\node_modules\npm\node_modules\npm-package-arg\npa.js:75:12)
30 verbose stack     at resolver (C:\Users\Casa\AppData\Local\.meteor\packages\meteor-tool\1.3.2_4\mt-os.windows.x86_32\dev_bundle\lib\node_modules\npm\lib\install.js:845:42)
30 verbose stack     at C:\Users\Casa\AppData\Local\.meteor\packages\meteor-tool\1.3.2_4\mt-os.windows.x86_32\dev_bundle\lib\node_modules\npm\node_modules\slide\lib\async-map.js:52:35
30 verbose stack     at Array.forEach (native)
30 verbose stack     at C:\Users\Casa\AppData\Local\.meteor\packages\meteor-tool\1.3.2_4\mt-os.windows.x86_32\dev_bundle\lib\node_modules\npm\node_modules\slide\lib\async-map.js:52:11
30 verbose stack     at Array.forEach (native)
30 verbose stack     at asyncMap (C:\Users\Casa\AppData\Local\.meteor\packages\meteor-tool\1.3.2_4\mt-os.windows.x86_32\dev_bundle\lib\node_modules\npm\node_modules\slide\lib\async-map.js:51:8)
30 verbose stack     at C:\Users\Casa\AppData\Local\.meteor\packages\meteor-tool\1.3.2_4\mt-os.windows.x86_32\dev_bundle\lib\node_modules\npm\lib\install.js:703:5
30 verbose stack     at C:\Users\Casa\AppData\Local\.meteor\packages\meteor-tool\1.3.2_4\mt-os.windows.x86_32\dev_bundle\lib\node_modules\npm\lib\install.js:368:22
31 verbose cwd C:\Users\Casa\Desktop\step10
32 error Windows_NT 6.1.7601
33 error argv "C:\\Users\\Casa\\AppData\\Local\\.meteor\\packages\\meteor-tool\\1.3.2_4\\mt-os.windows.x86_32\\dev_bundle\\bin\\\\node.exe" "C:\\Users\\Casa\\AppData\\Local\\.meteor\\packages\\meteor-tool\\1.3.2_4\\mt-os.windows.x86_32\\dev_bundle\\lib\\node_modules\\npm\\bin\\npm-cli.js" "install" "angular-sortable-view" "--savemeteor" "add" "edgee:slingshot"
34 error node v0.10.43
35 error npm  v2.14.22
36 error Unsupported URL Type: edgee:slingshot
37 error If you need help, you may report this error at:
37 error     <https://github.com/npm/npm/issues>
38 verbose exit [ 1, true ]
